-Xajruntimetarget:1.5
-Xlint:ignore
-11
-encoding
UTF-8
-showWeaveInfo
-source
11
-target
11
-verbose
-classpath
/Users/razearmin/.m2/repository/org/springframework/boot/spring-boot-starter-web/2.6.1/spring-boot-starter-web-2.6.1.jar:/Users/razearmin/.m2/repository/org/springframework/boot/spring-boot-starter/2.6.1/spring-boot-starter-2.6.1.jar:/Users/razearmin/.m2/repository/org/springframework/boot/spring-boot/2.6.1/spring-boot-2.6.1.jar:/Users/razearmin/.m2/repository/org/springframework/boot/spring-boot-autoconfigure/2.6.1/spring-boot-autoconfigure-2.6.1.jar:/Users/razearmin/.m2/repository/org/springframework/boot/spring-boot-starter-logging/2.6.1/spring-boot-starter-logging-2.6.1.jar:/Users/razearmin/.m2/repository/ch/qos/logback/logback-classic/1.2.7/logback-classic-1.2.7.jar:/Users/razearmin/.m2/repository/ch/qos/logback/logback-core/1.2.7/logback-core-1.2.7.jar:/Users/razearmin/.m2/repository/org/slf4j/slf4j-api/1.7.32/slf4j-api-1.7.32.jar:/Users/razearmin/.m2/repository/org/apache/logging/log4j/log4j-to-slf4j/2.14.1/log4j-to-slf4j-2.14.1.jar:/Users/razearmin/.m2/repository/org/apache/logging/log4j/log4j-api/2.14.1/log4j-api-2.14.1.jar:/Users/razearmin/.m2/repository/org/slf4j/jul-to-slf4j/1.7.32/jul-to-slf4j-1.7.32.jar:/Users/razearmin/.m2/repository/jakarta/annotation/jakarta.annotation-api/1.3.5/jakarta.annotation-api-1.3.5.jar:/Users/razearmin/.m2/repository/org/springframework/spring-core/5.3.13/spring-core-5.3.13.jar:/Users/razearmin/.m2/repository/org/springframework/spring-jcl/5.3.13/spring-jcl-5.3.13.jar:/Users/razearmin/.m2/repository/org/yaml/snakeyaml/1.29/snakeyaml-1.29.jar:/Users/razearmin/.m2/repository/org/springframework/boot/spring-boot-starter-json/2.6.1/spring-boot-starter-json-2.6.1.jar:/Users/razearmin/.m2/repository/org/springframework/boot/spring-boot-starter-tomcat/2.6.1/spring-boot-starter-tomcat-2.6.1.jar:/Users/razearmin/.m2/repository/org/apache/tomcat/embed/tomcat-embed-core/9.0.55/tomcat-embed-core-9.0.55.jar:/Users/razearmin/.m2/repository/org/apache/tomcat/embed/tomcat-embed-el/9.0.55/tomcat-embed-el-9.0.55.jar:/Users/razearmin/.m2/repository/org/apache/tomcat/embed/tomcat-embed-websocket/9.0.55/tomcat-embed-websocket-9.0.55.jar:/Users/razearmin/.m2/repository/org/springframework/spring-web/5.3.13/spring-web-5.3.13.jar:/Users/razearmin/.m2/repository/org/springframework/spring-beans/5.3.13/spring-beans-5.3.13.jar:/Users/razearmin/.m2/repository/org/springframework/spring-webmvc/5.3.13/spring-webmvc-5.3.13.jar:/Users/razearmin/.m2/repository/org/springframework/spring-context/5.3.13/spring-context-5.3.13.jar:/Users/razearmin/.m2/repository/org/springframework/spring-expression/5.3.13/spring-expression-5.3.13.jar:/Users/razearmin/.m2/repository/org/springframework/boot/spring-boot-starter-cache/2.6.1/spring-boot-starter-cache-2.6.1.jar:/Users/razearmin/.m2/repository/org/springframework/spring-context-support/5.3.13/spring-context-support-5.3.13.jar:/Users/razearmin/.m2/repository/org/springframework/boot/spring-boot-starter-aop/2.6.1/spring-boot-starter-aop-2.6.1.jar:/Users/razearmin/.m2/repository/org/springframework/spring-aop/5.3.13/spring-aop-5.3.13.jar:/Users/razearmin/.m2/repository/org/aspectj/aspectjweaver/1.9.7/aspectjweaver-1.9.7.jar:/Users/razearmin/.m2/repository/org/aspectj/aspectjrt/1.9.7/aspectjrt-1.9.7.jar:/Users/razearmin/.m2/repository/org/springframework/boot/spring-boot-starter-security/2.6.1/spring-boot-starter-security-2.6.1.jar:/Users/razearmin/.m2/repository/org/springframework/security/spring-security-config/5.6.0/spring-security-config-5.6.0.jar:/Users/razearmin/.m2/repository/org/springframework/security/spring-security-core/5.6.0/spring-security-core-5.6.0.jar:/Users/razearmin/.m2/repository/org/springframework/security/spring-security-crypto/5.6.0/spring-security-crypto-5.6.0.jar:/Users/razearmin/.m2/repository/org/springframework/security/spring-security-web/5.6.0/spring-security-web-5.6.0.jar:/Users/razearmin/.m2/repository/javax/servlet/javax.servlet-api/4.0.1/javax.servlet-api-4.0.1.jar:/Users/razearmin/.m2/repository/javax/servlet/jstl/1.2/jstl-1.2.jar:/Users/razearmin/.m2/repository/com/fasterxml/jackson/core/jackson-databind/2.13.3/jackson-databind-2.13.3.jar:/Users/razearmin/.m2/repository/com/fasterxml/jackson/core/jackson-annotations/2.13.0/jackson-annotations-2.13.0.jar:/Users/razearmin/.m2/repository/com/fasterxml/jackson/core/jackson-core/2.13.0/jackson-core-2.13.0.jar:/Users/razearmin/.m2/repository/com/fasterxml/jackson/module/jackson-module-parameter-names/2.13.3/jackson-module-parameter-names-2.13.3.jar:/Users/razearmin/.m2/repository/com/fasterxml/jackson/datatype/jackson-datatype-jsr310/2.13.3/jackson-datatype-jsr310-2.13.3.jar:/Users/razearmin/.m2/repository/com/fasterxml/jackson/datatype/jackson-datatype-jdk8/2.13.3/jackson-datatype-jdk8-2.13.3.jar:/Users/razearmin/.m2/repository/org/projectlombok/lombok/1.18.22/lombok-1.18.22.jar:/Users/razearmin/.m2/repository/io/jsonwebtoken/jjwt-api/0.11.5/jjwt-api-0.11.5.jar:/Users/razearmin/.m2/repository/io/jsonwebtoken/jjwt-impl/0.11.5/jjwt-impl-0.11.5.jar:/Users/razearmin/.m2/repository/com/google/guava/guava/31.1-jre/guava-31.1-jre.jar:/Users/razearmin/.m2/repository/com/google/guava/failureaccess/1.0.1/failureaccess-1.0.1.jar:/Users/razearmin/.m2/repository/com/google/guava/listenablefuture/9999.0-empty-to-avoid-conflict-with-guava/listenablefuture-9999.0-empty-to-avoid-conflict-with-guava.jar:/Users/razearmin/.m2/repository/com/google/code/findbugs/jsr305/3.0.2/jsr305-3.0.2.jar:/Users/razearmin/.m2/repository/org/checkerframework/checker-qual/3.12.0/checker-qual-3.12.0.jar:/Users/razearmin/.m2/repository/com/google/errorprone/error_prone_annotations/2.11.0/error_prone_annotations-2.11.0.jar:/Users/razearmin/.m2/repository/com/google/j2objc/j2objc-annotations/1.3/j2objc-annotations-1.3.jar:/Users/razearmin/.m2/repository/io/jsonwebtoken/jjwt-jackson/0.11.5/jjwt-jackson-0.11.5.jar:/Users/razearmin/Desktop/servlets/target/classes
-inpath
/Users/razearmin/Desktop/servlets/target/classes
-aspectpath
/Users/razearmin/.m2/repository/org/aspectj/aspectjrt/1.9.7/aspectjrt-1.9.7.jar
-d
/Users/razearmin/Desktop/servlets/target/classes
-s
/Users/razearmin/Desktop/servlets/target/generated-sources/aspectj-maven-plugin
